0 info it worked if it ends with ok
1 verbose cli [ '/usr/local/Cellar/node/7.4.0/bin/node',
1 verbose cli   '/usr/local/bin/npm',
1 verbose cli   'install' ]
2 info using npm@4.0.5
3 info using node@v7.4.0
4 silly loadCurrentTree Starting
5 silly install loadCurrentTree
6 silly install readLocalPackageData
7 silly install normalizeTree
8 silly loadCurrentTree Finishing
9 silly loadIdealTree Starting
10 silly install loadIdealTree
11 silly cloneCurrentTree Starting
12 silly install cloneCurrentTreeToIdealTree
13 silly cloneCurrentTree Finishing
14 silly loadShrinkwrap Starting
15 silly install loadShrinkwrap
16 silly loadShrinkwrap Finishing
17 silly loadAllDepsIntoIdealTree Starting
18 silly install loadAllDepsIntoIdealTree
19 silly loadAllDepsIntoIdealTree Finishing
20 silly loadIdealTree Finishing
21 silly currentTree Assignment4@1.0.0
21 silly currentTree ├── accepts@1.3.4
21 silly currentTree ├── ajv@4.11.8
21 silly currentTree ├── array-flatten@1.1.1
21 silly currentTree ├── asn1@0.2.3
21 silly currentTree ├── assert-plus@0.2.0
21 silly currentTree ├─┬ async@2.1.4
21 silly currentTree │ └── lodash@4.17.4
21 silly currentTree ├── asynckit@0.4.0
21 silly currentTree ├── aws-sign2@0.6.0
21 silly currentTree ├── aws4@1.6.0
21 silly currentTree ├── basic-auth@1.1.0
21 silly currentTree ├── bcrypt-pbkdf@1.0.1
21 silly currentTree ├── bluebird@2.10.2
21 silly currentTree ├── body-parser@1.18.1
21 silly currentTree ├── boom@2.10.1
21 silly currentTree ├─┬ bower@1.6.5
21 silly currentTree │ ├── abbrev@1.0.7
21 silly currentTree │ ├── archy@1.0.0
21 silly currentTree │ ├─┬ bower-config@1.2.2
21 silly currentTree │ │ ├── graceful-fs@4.1.2
21 silly currentTree │ │ ├─┬ optimist@0.6.1
21 silly currentTree │ │ │ ├── minimist@0.0.10
21 silly currentTree │ │ │ └── wordwrap@0.0.3
21 silly currentTree │ │ └─┬ osenv@0.1.3
21 silly currentTree │ │   ├── os-homedir@1.0.1
21 silly currentTree │ │   └── os-tmpdir@1.0.1
21 silly currentTree │ ├── bower-endpoint-parser@0.2.2
21 silly currentTree │ ├─┬ bower-json@0.4.0
21 silly currentTree │ │ ├── deep-extend@0.2.11
21 silly currentTree │ │ ├── graceful-fs@2.0.3
21 silly currentTree │ │ └── intersect@0.0.3
21 silly currentTree │ ├── bower-logger@0.2.2
21 silly currentTree │ ├─┬ bower-registry-client@1.0.0
21 silly currentTree │ │ ├── async@0.2.10
21 silly currentTree │ │ ├── graceful-fs@4.1.2
21 silly currentTree │ │ ├── mkdirp@0.3.5
21 silly currentTree │ │ └── request-replay@0.2.0
21 silly currentTree │ ├─┬ cardinal@0.4.4
21 silly currentTree │ │ ├── ansicolors@0.2.1
21 silly currentTree │ │ └─┬ redeyed@0.4.4
21 silly currentTree │ │   └── esprima@1.0.4
21 silly currentTree │ ├─┬ chalk@1.1.1
21 silly currentTree │ │ ├── ansi-styles@2.1.0
21 silly currentTree │ │ ├── escape-string-regexp@1.0.3
21 silly currentTree │ │ ├─┬ has-ansi@2.0.0
21 silly currentTree │ │ │ └── ansi-regex@2.0.0
21 silly currentTree │ │ ├─┬ strip-ansi@3.0.0
21 silly currentTree │ │ │ └── ansi-regex@2.0.0
21 silly currentTree │ │ └── supports-color@2.0.0
21 silly currentTree │ ├── chmodr@1.0.2
21 silly currentTree │ ├─┬ configstore@0.3.2
21 silly currentTree │ │ ├─┬ js-yaml@3.4.3
21 silly currentTree │ │ │ ├─┬ argparse@1.0.2
21 silly currentTree │ │ │ │ ├── lodash@3.10.1
21 silly currentTree │ │ │ │ └── sprintf-js@1.0.3
21 silly currentTree │ │ │ └── esprima@2.6.0
21 silly currentTree │ │ ├── object-assign@2.1.1
21 silly currentTree │ │ ├─┬ osenv@0.1.3
21 silly currentTree │ │ │ ├── os-homedir@1.0.1
21 silly currentTree │ │ │ └── os-tmpdir@1.0.1
21 silly currentTree │ │ ├── uuid@2.0.1
21 silly currentTree │ │ └── xdg-basedir@1.0.1
21 silly currentTree │ ├─┬ decompress-zip@0.1.0
21 silly currentTree │ │ ├─┬ binary@0.3.0
21 silly currentTree │ │ │ ├── buffers@0.1.1
21 silly currentTree │ │ │ └─┬ chainsaw@0.1.0
21 silly currentTree │ │ │   └── traverse@0.3.9
21 silly currentTree │ │ ├── mkpath@0.1.0
21 silly currentTree │ │ ├─┬ readable-stream@1.1.13
21 silly currentTree │ │ │ ├── core-util-is@1.0.1
21 silly currentTree │ │ │ ├── inherits@2.0.1
21 silly currentTree │ │ │ ├── isarray@0.0.1
21 silly currentTree │ │ │ └── string_decoder@0.10.31
21 silly currentTree │ │ └─┬ touch@0.0.3
21 silly currentTree │ │   └── nopt@1.0.10
21 silly currentTree │ ├── destroy@1.0.3
21 silly currentTree │ ├─┬ fs-write-stream-atomic@1.0.4
21 silly currentTree │ │ └── graceful-fs@4.1.2
21 silly currentTree │ ├─┬ fstream-ignore@1.0.2
21 silly currentTree │ │ ├── inherits@2.0.1
21 silly currentTree │ │ └─┬ minimatch@2.0.10
21 silly currentTree │ │   └─┬ brace-expansion@1.1.1
21 silly currentTree │ │     ├── balanced-match@0.2.0
21 silly currentTree │ │     └── concat-map@0.0.1
21 silly currentTree │ ├─┬ fstream@1.0.8
21 silly currentTree │ │ ├── graceful-fs@4.1.2
21 silly currentTree │ │ └── inherits@2.0.1
21 silly currentTree │ ├─┬ github@0.2.4
21 silly currentTree │ │ └── mime@1.3.4
21 silly currentTree │ ├─┬ glob@4.5.3
21 silly currentTree │ │ ├─┬ inflight@1.0.4
21 silly currentTree │ │ │ └── wrappy@1.0.1
21 silly currentTree │ │ ├── inherits@2.0.1
21 silly currentTree │ │ ├─┬ minimatch@2.0.10
21 silly currentTree │ │ │ └─┬ brace-expansion@1.1.1
21 silly currentTree │ │ │   ├── balanced-match@0.2.0
21 silly currentTree │ │ │   └── concat-map@0.0.1
21 silly currentTree │ │ └─┬ once@1.3.2
21 silly currentTree │ │   └── wrappy@1.0.1
21 silly currentTree │ ├── graceful-fs@3.0.8
21 silly currentTree │ ├─┬ handlebars@2.0.0
21 silly currentTree │ │ ├─┬ optimist@0.3.7
21 silly currentTree │ │ │ └── wordwrap@0.0.3
21 silly currentTree │ │ └─┬ uglify-js@2.3.6
21 silly currentTree │ │   ├── async@0.2.10
21 silly currentTree │ │   └─┬ source-map@0.1.43
21 silly currentTree │ │     └── amdefine@1.0.0
21 silly currentTree │ ├─┬ inquirer@0.10.0
21 silly currentTree │ │ ├── ansi-escapes@1.1.0
21 silly currentTree │ │ ├── ansi-regex@2.0.0
21 silly currentTree │ │ ├─┬ cli-cursor@1.0.2
21 silly currentTree │ │ │ └─┬ restore-cursor@1.0.1
21 silly currentTree │ │ │   ├── exit-hook@1.1.1
21 silly currentTree │ │ │   └── onetime@1.0.0
21 silly currentTree │ │ ├── cli-width@1.0.1
21 silly currentTree │ │ ├── figures@1.4.0
21 silly currentTree │ │ ├── lodash@3.10.1
21 silly currentTree │ │ ├─┬ readline2@1.0.1
21 silly currentTree │ │ │ ├─┬ code-point-at@1.0.0
21 silly currentTree │ │ │ │ └── number-is-nan@1.0.0
21 silly currentTree │ │ │ ├─┬ is-fullwidth-code-point@1.0.0
21 silly currentTree │ │ │ │ └── number-is-nan@1.0.0
21 silly currentTree │ │ │ └── mute-stream@0.0.5
21 silly currentTree │ │ ├─┬ run-async@0.1.0
21 silly currentTree │ │ │ └─┬ once@1.3.2
21 silly currentTree │ │ │   └── wrappy@1.0.1
21 silly currentTree │ │ ├── rx-lite@3.1.2
21 silly currentTree │ │ ├── strip-ansi@3.0.0
21 silly currentTree │ │ └── through@2.3.8
21 silly currentTree │ ├─┬ insight@0.7.0
21 silly currentTree │ │ ├── async@1.4.2
21 silly currentTree │ │ ├─┬ configstore@1.2.1
21 silly currentTree │ │ │ ├── graceful-fs@4.1.2
21 silly currentTree │ │ │ ├── object-assign@3.0.0
21 silly currentTree │ │ │ ├── os-tmpdir@1.0.1
21 silly currentTree │ │ │ ├─┬ osenv@0.1.3
21 silly currentTree │ │ │ │ └── os-homedir@1.0.1
21 silly currentTree │ │ │ ├── uuid@2.0.1
21 silly currentTree │ │ │ ├─┬ write-file-atomic@1.1.3
21 silly currentTree │ │ │ │ └── slide@1.1.6
21 silly currentTree │ │ │ └─┬ xdg-basedir@2.0.0
21 silly currentTree │ │ │   └── os-homedir@1.0.1
21 silly currentTree │ │ ├─┬ lodash.debounce@3.1.1
21 silly currentTree │ │ │ └── lodash._getnative@3.9.1
21 silly currentTree │ │ ├── object-assign@4.0.1
21 silly currentTree │ │ ├─┬ os-name@1.0.3
21 silly currentTree │ │ │ ├─┬ osx-release@1.1.0
21 silly currentTree │ │ │ │ └── minimist@1.2.0
21 silly currentTree │ │ │ └─┬ win-release@1.1.1
21 silly currentTree │ │ │   └── semver@5.0.3
21 silly currentTree │ │ └── tough-cookie@2.2.0
21 silly currentTree │ ├── is-root@1.0.0
21 silly currentTree │ ├── junk@1.0.2
21 silly currentTree │ ├── lockfile@1.0.1
21 silly currentTree │ ├── lru-cache@2.7.0
21 silly currentTree │ ├─┬ md5-hex@1.1.0
21 silly currentTree │ │ └── md5-o-matic@0.1.1
21 silly currentTree │ ├─┬ mkdirp@0.5.0
21 silly currentTree │ │ └── minimist@0.0.8
21 silly currentTree │ ├── mout@0.11.0
21 silly currentTree │ ├── nopt@3.0.4
21 silly currentTree │ ├── opn@1.0.2
21 silly currentTree │ ├─┬ p-throttler@0.1.1
21 silly currentTree │ │ └── q@0.9.7
21 silly currentTree │ ├─┬ promptly@0.2.0
21 silly currentTree │ │ └─┬ read@1.0.7
21 silly currentTree │ │   └── mute-stream@0.0.5
21 silly currentTree │ ├── q@1.4.1
21 silly currentTree │ ├─┬ request-progress@0.3.1
21 silly currentTree │ │ └── throttleit@0.0.2
21 silly currentTree │ ├─┬ request@2.53.0
21 silly currentTree │ │ ├── aws-sign2@0.5.0
21 silly currentTree │ │ ├─┬ bl@0.9.4
21 silly currentTree │ │ │ └─┬ readable-stream@1.0.33
21 silly currentTree │ │ │   ├── core-util-is@1.0.1
21 silly currentTree │ │ │   ├── inherits@2.0.1
21 silly currentTree │ │ │   ├── isarray@0.0.1
21 silly currentTree │ │ │   └── string_decoder@0.10.31
21 silly currentTree │ │ ├── caseless@0.9.0
21 silly currentTree │ │ ├─┬ combined-stream@0.0.7
21 silly currentTree │ │ │ └── delayed-stream@0.0.5
21 silly currentTree │ │ ├── forever-agent@0.5.2
21 silly currentTree │ │ ├─┬ form-data@0.2.0
21 silly currentTree │ │ │ └── async@0.9.2
21 silly currentTree │ │ ├─┬ hawk@2.3.1
21 silly currentTree │ │ │ ├── boom@2.9.0
21 silly currentTree │ │ │ ├── cryptiles@2.0.5
21 silly currentTree │ │ │ ├── hoek@2.16.3
21 silly currentTree │ │ │ └── sntp@1.0.9
21 silly currentTree │ │ ├─┬ http-signature@0.10.1
21 silly currentTree │ │ │ ├── asn1@0.1.11
21 silly currentTree │ │ │ ├── assert-plus@0.1.5
21 silly currentTree │ │ │ └── ctype@0.5.3
21 silly currentTree │ │ ├── isstream@0.1.2
21 silly currentTree │ │ ├── json-stringify-safe@5.0.1
21 silly currentTree │ │ ├─┬ mime-types@2.0.14
21 silly currentTree │ │ │ └── mime-db@1.12.0
21 silly currentTree │ │ ├── node-uuid@1.4.3
21 silly currentTree │ │ ├── oauth-sign@0.6.0
21 silly currentTree │ │ ├── qs@2.3.3
21 silly currentTree │ │ ├── stringstream@0.0.4
21 silly currentTree │ │ ├── tough-cookie@2.2.0
21 silly currentTree │ │ └── tunnel-agent@0.4.1
21 silly currentTree │ ├── retry@0.6.1
21 silly currentTree │ ├─┬ rimraf@2.4.3
21 silly currentTree │ │ └─┬ glob@5.0.15
21 silly currentTree │ │   ├─┬ inflight@1.0.4
21 silly currentTree │ │   │ └── wrappy@1.0.1
21 silly currentTree │ │   ├── inherits@2.0.1
21 silly currentTree │ │   ├─┬ minimatch@3.0.0
21 silly currentTree │ │   │ └─┬ brace-expansion@1.1.1
21 silly currentTree │ │   │   ├── balanced-match@0.2.0
21 silly currentTree │ │   │   └── concat-map@0.0.1
21 silly currentTree │ │   ├─┬ once@1.3.2
21 silly currentTree │ │   │ └── wrappy@1.0.1
21 silly currentTree │ │   └── path-is-absolute@1.0.0
21 silly currentTree │ ├── semver@2.3.2
21 silly currentTree │ ├─┬ shell-quote@1.4.3
21 silly currentTree │ │ ├── array-filter@0.0.1
21 silly currentTree │ │ ├── array-map@0.0.0
21 silly currentTree │ │ ├── array-reduce@0.0.0
21 silly currentTree │ │ └── jsonify@0.0.0
21 silly currentTree │ ├── stringify-object@1.0.1
21 silly currentTree │ ├─┬ tar-fs@1.8.1
21 silly currentTree │ │ ├─┬ pump@1.0.0
21 silly currentTree │ │ │ ├── end-of-stream@1.1.0
21 silly currentTree │ │ │ └─┬ once@1.3.2
21 silly currentTree │ │ │   └── wrappy@1.0.1
21 silly currentTree │ │ └─┬ tar-stream@1.2.1
21 silly currentTree │ │   ├── bl@1.0.0
21 silly currentTree │ │   ├─┬ end-of-stream@1.1.0
21 silly currentTree │ │   │ └─┬ once@1.3.2
21 silly currentTree │ │   │   └── wrappy@1.0.1
21 silly currentTree │ │   ├─┬ readable-stream@2.0.2
21 silly currentTree │ │   │ ├── core-util-is@1.0.1
21 silly currentTree │ │   │ ├── inherits@2.0.1
21 silly currentTree │ │   │ ├── isarray@0.0.1
21 silly currentTree │ │   │ ├── process-nextick-args@1.0.3
21 silly currentTree │ │   │ ├── string_decoder@0.10.31
21 silly currentTree │ │   │ └── util-deprecate@1.0.2
21 silly currentTree │ │   └── xtend@4.0.0
21 silly currentTree │ ├── tmp@0.0.24
21 silly currentTree │ ├─┬ update-notifier@0.3.2
21 silly currentTree │ │ ├── is-npm@1.0.0
21 silly currentTree │ │ ├─┬ latest-version@1.0.1
21 silly currentTree │ │ │ └─┬ package-json@1.2.0
21 silly currentTree │ │ │   ├─┬ got@3.3.1
21 silly currentTree │ │ │   │ ├─┬ duplexify@3.4.2
21 silly currentTree │ │ │   │ │ ├─┬ end-of-stream@1.0.0
21 silly currentTree │ │ │   │ │ │ └─┬ once@1.3.2
21 silly currentTree │ │ │   │ │ │   └── wrappy@1.0.1
21 silly currentTree │ │ │   │ │ └─┬ readable-stream@2.0.2
21 silly currentTree │ │ │   │ │   ├── core-util-is@1.0.1
21 silly currentTree │ │ │   │ │   ├── inherits@2.0.1
21 silly currentTree │ │ │   │ │   ├── isarray@0.0.1
21 silly currentTree │ │ │   │ │   ├── process-nextick-args@1.0.3
21 silly currentTree │ │ │   │ │   ├── string_decoder@0.10.31
21 silly currentTree │ │ │   │ │   └── util-deprecate@1.0.2
21 silly currentTree │ │ │   │ ├── infinity-agent@2.0.3
21 silly currentTree │ │ │   │ ├── is-redirect@1.0.0
21 silly currentTree │ │ │   │ ├── is-stream@1.0.1
21 silly currentTree │ │ │   │ ├── lowercase-keys@1.0.0
21 silly currentTree │ │ │   │ ├─┬ nested-error-stacks@1.0.1
21 silly currentTree │ │ │   │ │ └── inherits@2.0.1
21 silly currentTree │ │ │   │ ├── object-assign@3.0.0
21 silly currentTree │ │ │   │ ├── prepend-http@1.0.3
21 silly currentTree │ │ │   │ ├─┬ read-all-stream@3.0.1
21 silly currentTree │ │ │   │ │ ├─┬ pinkie-promise@1.0.0
21 silly currentTree │ │ │   │ │ │ └── pinkie@1.0.0
21 silly currentTree │ │ │   │ │ └─┬ readable-stream@2.0.2
21 silly currentTree │ │ │   │ │   ├── core-util-is@1.0.1
21 silly currentTree │ │ │   │ │   ├── inherits@2.0.1
21 silly currentTree │ │ │   │ │   ├── isarray@0.0.1
21 silly currentTree │ │ │   │ │   ├── process-nextick-args@1.0.3
21 silly currentTree │ │ │   │ │   ├── string_decoder@0.10.31
21 silly currentTree │ │ │   │ │   └── util-deprecate@1.0.2
21 silly currentTree │ │ │   │ └── timed-out@2.0.0
21 silly currentTree │ │ │   └─┬ registry-url@3.0.3
21 silly currentTree │ │ │     └─┬ rc@1.1.2
21 silly currentTree │ │ │       ├── deep-extend@0.2.11
21 silly currentTree │ │ │       ├── ini@1.3.4
21 silly currentTree │ │ │       ├── minimist@1.2.0
21 silly currentTree │ │ │       └── strip-json-comments@0.1.3
21 silly currentTree │ │ ├─┬ semver-diff@2.0.0
21 silly currentTree │ │ │ └── semver@4.3.6
21 silly currentTree │ │ └─┬ string-length@1.0.1
21 silly currentTree │ │   └─┬ strip-ansi@3.0.0
21 silly currentTree │ │     └── ansi-regex@2.0.0
21 silly currentTree │ ├── user-home@1.1.1
21 silly currentTree │ └─┬ which@1.2.0
21 silly currentTree │   └─┬ is-absolute@0.1.7
21 silly currentTree │     └── is-relative@0.1.3
21 silly currentTree ├── bson@1.0.4
21 silly currentTree ├── buffer-shims@1.0.0
21 silly currentTree ├── bytes@3.0.0
21 silly currentTree ├── caseless@0.12.0
21 silly currentTree ├── co@4.6.0
21 silly currentTree ├── combined-stream@1.0.5
21 silly currentTree ├── component-emitter@1.2.1
21 silly currentTree ├── content-disposition@0.5.2
21 silly currentTree ├── content-type@1.0.4
21 silly currentTree ├── cookie-signature@1.0.6
21 silly currentTree ├── cookie@0.3.1
21 silly currentTree ├── cookiejar@2.0.6
21 silly currentTree ├── core-util-is@1.0.2
21 silly currentTree ├── cryptiles@2.0.5
21 silly currentTree ├─┬ dashdash@1.14.1
21 silly currentTree │ └── assert-plus@1.0.0
21 silly currentTree ├── debug@2.6.8
21 silly currentTree ├── delayed-stream@1.0.0
21 silly currentTree ├── depd@1.1.1
21 silly currentTree ├── destroy@1.0.4
21 silly currentTree ├── ecc-jsbn@0.1.1
21 silly currentTree ├── ee-first@1.1.1
21 silly currentTree ├── encodeurl@1.0.1
21 silly currentTree ├── es6-promise@3.2.1
21 silly currentTree ├── escape-html@1.0.3
21 silly currentTree ├── etag@1.8.0
21 silly currentTree ├─┬ express@4.15.4
21 silly currentTree │ └── qs@6.5.0
21 silly currentTree ├── extend@3.0.1
21 silly currentTree ├── extsprintf@1.3.0
21 silly currentTree ├── finalhandler@1.0.4
21 silly currentTree ├── forever-agent@0.6.1
21 silly currentTree ├── form-data@2.1.4
21 silly currentTree ├── formidable@1.0.17
21 silly currentTree ├── forwarded@0.1.1
21 silly currentTree ├── fresh@0.5.0
21 silly currentTree ├─┬ getpass@0.1.7
21 silly currentTree │ └── assert-plus@1.0.0
21 silly currentTree ├── har-schema@1.0.5
21 silly currentTree ├── har-validator@4.2.1
21 silly currentTree ├── hawk@3.1.3
21 silly currentTree ├── hoek@2.16.3
21 silly currentTree ├── hooks-fixed@2.0.0
21 silly currentTree ├── http-errors@1.6.2
21 silly currentTree ├── http-signature@1.1.1
21 silly currentTree ├── iconv-lite@0.4.19
21 silly currentTree ├── inherits@2.0.3
21 silly currentTree ├── ipaddr.js@1.4.0
21 silly currentTree ├── is-typedarray@1.0.0
21 silly currentTree ├── isarray@1.0.0
21 silly currentTree ├── isstream@0.1.2
21 silly currentTree ├── jsbn@0.1.1
21 silly currentTree ├── json-schema@0.2.3
21 silly currentTree ├── json-stable-stringify@1.0.1
21 silly currentTree ├── json-stringify-safe@5.0.1
21 silly currentTree ├── jsonify@0.0.0
21 silly currentTree ├─┬ jsprim@1.4.1
21 silly currentTree │ └── assert-plus@1.0.0
21 silly currentTree ├── kareem@1.5.0
21 silly currentTree ├── lodash@3.10.1
21 silly currentTree ├── media-typer@0.3.0
21 silly currentTree ├── merge-descriptors@1.0.1
21 silly currentTree ├── methods@1.1.2
21 silly currentTree ├── mime-db@1.30.0
21 silly currentTree ├── mime-types@2.1.17
21 silly currentTree ├── mime@1.3.4
21 silly currentTree ├── mongodb-core@2.1.15
21 silly currentTree ├── mongodb@2.2.31
21 silly currentTree ├── mongoose@4.11.11
21 silly currentTree ├── morgan@1.8.2
21 silly currentTree ├── mpath@0.3.0
21 silly currentTree ├── mpromise@0.5.5
21 silly currentTree ├─┬ mquery@2.3.1
21 silly currentTree │ └── sliced@0.0.5
21 silly currentTree ├── ms@2.0.0
21 silly currentTree ├── muri@1.2.2
21 silly currentTree ├── negotiator@0.6.1
21 silly currentTree ├── oauth-sign@0.8.2
21 silly currentTree ├── on-finished@2.3.0
21 silly currentTree ├── on-headers@1.0.1
21 silly currentTree ├── parseurl@1.3.2
21 silly currentTree ├── path-to-regexp@0.1.7
21 silly currentTree ├── performance-now@0.2.0
21 silly currentTree ├── process-nextick-args@1.0.7
21 silly currentTree ├── proxy-addr@1.1.5
21 silly currentTree ├── punycode@1.4.1
21 silly currentTree ├── qs@6.5.1
21 silly currentTree ├── range-parser@1.2.0
21 silly currentTree ├── raw-body@2.3.2
21 silly currentTree ├── readable-stream@2.2.7
21 silly currentTree ├── reduce-component@1.0.1
21 silly currentTree ├── regexp-clone@0.0.1
21 silly currentTree ├─┬ request@2.81.0
21 silly currentTree │ └── qs@6.4.0
21 silly currentTree ├── require_optional@1.0.1
21 silly currentTree ├── resolve-from@2.0.0
21 silly currentTree ├── safe-buffer@5.1.1
21 silly currentTree ├── semver@5.4.1
21 silly currentTree ├── send@0.15.4
21 silly currentTree ├── serve-static@1.12.4
21 silly currentTree ├── setprototypeof@1.0.3
21 silly currentTree ├── should-equal@0.5.0
21 silly currentTree ├── should-format@0.3.1
21 silly currentTree ├── should-type@0.2.0
21 silly currentTree ├── should@7.1.1
21 silly currentTree ├── sliced@1.0.1
21 silly currentTree ├── sntp@1.0.9
21 silly currentTree ├─┬ sshpk@1.13.1
21 silly currentTree │ └── assert-plus@1.0.0
21 silly currentTree ├── statuses@1.3.1
21 silly currentTree ├── string_decoder@1.0.3
21 silly currentTree ├── stringstream@0.0.5
21 silly currentTree ├─┬ superagent@1.8.5
21 silly currentTree │ ├── async@1.5.2
21 silly currentTree │ ├── extend@3.0.0
21 silly currentTree │ ├── form-data@1.0.0-rc3
21 silly currentTree │ ├── isarray@0.0.1
21 silly currentTree │ ├── qs@2.3.3
21 silly currentTree │ ├── readable-stream@1.0.27-1
21 silly currentTree │ └── string_decoder@0.10.31
21 silly currentTree ├── supertest@1.2.0
21 silly currentTree ├── tough-cookie@2.3.2
21 silly currentTree ├── tunnel-agent@0.6.0
21 silly currentTree ├── tweetnacl@0.14.5
21 silly currentTree ├── type-is@1.6.15
21 silly currentTree ├── unpipe@1.0.0
21 silly currentTree ├── util-deprecate@1.0.2
21 silly currentTree ├── utils-merge@1.0.0
21 silly currentTree ├── uuid@3.1.0
21 silly currentTree ├── vary@1.1.1
21 silly currentTree └─┬ verror@1.10.0
21 silly currentTree   └── assert-plus@1.0.0
22 silly idealTree Assignment4@1.0.0
22 silly idealTree ├── accepts@1.3.4
22 silly idealTree ├── ajv@4.11.8
22 silly idealTree ├── array-flatten@1.1.1
22 silly idealTree ├── asn1@0.2.3
22 silly idealTree ├── assert-plus@0.2.0
22 silly idealTree ├─┬ async@2.1.4
22 silly idealTree │ └── lodash@4.17.4
22 silly idealTree ├── asynckit@0.4.0
22 silly idealTree ├── aws-sign2@0.6.0
22 silly idealTree ├── aws4@1.6.0
22 silly idealTree ├── basic-auth@1.1.0
22 silly idealTree ├── bcrypt-pbkdf@1.0.1
22 silly idealTree ├── bluebird@2.10.2
22 silly idealTree ├── body-parser@1.18.1
22 silly idealTree ├── boom@2.10.1
22 silly idealTree ├─┬ bower@1.6.5
22 silly idealTree │ ├── abbrev@1.0.7
22 silly idealTree │ ├── archy@1.0.0
22 silly idealTree │ ├─┬ bower-config@1.2.2
22 silly idealTree │ │ ├── graceful-fs@4.1.2
22 silly idealTree │ │ ├─┬ optimist@0.6.1
22 silly idealTree │ │ │ ├── minimist@0.0.10
22 silly idealTree │ │ │ └── wordwrap@0.0.3
22 silly idealTree │ │ └─┬ osenv@0.1.3
22 silly idealTree │ │   ├── os-homedir@1.0.1
22 silly idealTree │ │   └── os-tmpdir@1.0.1
22 silly idealTree │ ├── bower-endpoint-parser@0.2.2
22 silly idealTree │ ├─┬ bower-json@0.4.0
22 silly idealTree │ │ ├── deep-extend@0.2.11
22 silly idealTree │ │ ├── graceful-fs@2.0.3
22 silly idealTree │ │ └── intersect@0.0.3
22 silly idealTree │ ├── bower-logger@0.2.2
22 silly idealTree │ ├─┬ bower-registry-client@1.0.0
22 silly idealTree │ │ ├── async@0.2.10
22 silly idealTree │ │ ├── graceful-fs@4.1.2
22 silly idealTree │ │ ├── mkdirp@0.3.5
22 silly idealTree │ │ └── request-replay@0.2.0
22 silly idealTree │ ├─┬ cardinal@0.4.4
22 silly idealTree │ │ ├── ansicolors@0.2.1
22 silly idealTree │ │ └─┬ redeyed@0.4.4
22 silly idealTree │ │   └── esprima@1.0.4
22 silly idealTree │ ├─┬ chalk@1.1.1
22 silly idealTree │ │ ├── ansi-styles@2.1.0
22 silly idealTree │ │ ├── escape-string-regexp@1.0.3
22 silly idealTree │ │ ├─┬ has-ansi@2.0.0
22 silly idealTree │ │ │ └── ansi-regex@2.0.0
22 silly idealTree │ │ ├─┬ strip-ansi@3.0.0
22 silly idealTree │ │ │ └── ansi-regex@2.0.0
22 silly idealTree │ │ └── supports-color@2.0.0
22 silly idealTree │ ├── chmodr@1.0.2
22 silly idealTree │ ├─┬ configstore@0.3.2
22 silly idealTree │ │ ├─┬ js-yaml@3.4.3
22 silly idealTree │ │ │ ├─┬ argparse@1.0.2
22 silly idealTree │ │ │ │ ├── lodash@3.10.1
22 silly idealTree │ │ │ │ └── sprintf-js@1.0.3
22 silly idealTree │ │ │ └── esprima@2.6.0
22 silly idealTree │ │ ├── object-assign@2.1.1
22 silly idealTree │ │ ├─┬ osenv@0.1.3
22 silly idealTree │ │ │ ├── os-homedir@1.0.1
22 silly idealTree │ │ │ └── os-tmpdir@1.0.1
22 silly idealTree │ │ ├── uuid@2.0.1
22 silly idealTree │ │ └── xdg-basedir@1.0.1
22 silly idealTree │ ├─┬ decompress-zip@0.1.0
22 silly idealTree │ │ ├─┬ binary@0.3.0
22 silly idealTree │ │ │ ├── buffers@0.1.1
22 silly idealTree │ │ │ └─┬ chainsaw@0.1.0
22 silly idealTree │ │ │   └── traverse@0.3.9
22 silly idealTree │ │ ├── mkpath@0.1.0
22 silly idealTree │ │ ├─┬ readable-stream@1.1.13
22 silly idealTree │ │ │ ├── core-util-is@1.0.1
22 silly idealTree │ │ │ ├── inherits@2.0.1
22 silly idealTree │ │ │ ├── isarray@0.0.1
22 silly idealTree │ │ │ └── string_decoder@0.10.31
22 silly idealTree │ │ └─┬ touch@0.0.3
22 silly idealTree │ │   └── nopt@1.0.10
22 silly idealTree │ ├── destroy@1.0.3
22 silly idealTree │ ├─┬ fs-write-stream-atomic@1.0.4
22 silly idealTree │ │ └── graceful-fs@4.1.2
22 silly idealTree │ ├─┬ fstream-ignore@1.0.2
22 silly idealTree │ │ ├── inherits@2.0.1
22 silly idealTree │ │ └─┬ minimatch@2.0.10
22 silly idealTree │ │   └─┬ brace-expansion@1.1.1
22 silly idealTree │ │     ├── balanced-match@0.2.0
22 silly idealTree │ │     └── concat-map@0.0.1
22 silly idealTree │ ├─┬ fstream@1.0.8
22 silly idealTree │ │ ├── graceful-fs@4.1.2
22 silly idealTree │ │ └── inherits@2.0.1
22 silly idealTree │ ├─┬ github@0.2.4
22 silly idealTree │ │ └── mime@1.3.4
22 silly idealTree │ ├─┬ glob@4.5.3
22 silly idealTree │ │ ├─┬ inflight@1.0.4
22 silly idealTree │ │ │ └── wrappy@1.0.1
22 silly idealTree │ │ ├── inherits@2.0.1
22 silly idealTree │ │ ├─┬ minimatch@2.0.10
22 silly idealTree │ │ │ └─┬ brace-expansion@1.1.1
22 silly idealTree │ │ │   ├── balanced-match@0.2.0
22 silly idealTree │ │ │   └── concat-map@0.0.1
22 silly idealTree │ │ └─┬ once@1.3.2
22 silly idealTree │ │   └── wrappy@1.0.1
22 silly idealTree │ ├── graceful-fs@3.0.8
22 silly idealTree │ ├─┬ handlebars@2.0.0
22 silly idealTree │ │ ├─┬ optimist@0.3.7
22 silly idealTree │ │ │ └── wordwrap@0.0.3
22 silly idealTree │ │ └─┬ uglify-js@2.3.6
22 silly idealTree │ │   ├── async@0.2.10
22 silly idealTree │ │   └─┬ source-map@0.1.43
22 silly idealTree │ │     └── amdefine@1.0.0
22 silly idealTree │ ├─┬ inquirer@0.10.0
22 silly idealTree │ │ ├── ansi-escapes@1.1.0
22 silly idealTree │ │ ├── ansi-regex@2.0.0
22 silly idealTree │ │ ├─┬ cli-cursor@1.0.2
22 silly idealTree │ │ │ └─┬ restore-cursor@1.0.1
22 silly idealTree │ │ │   ├── exit-hook@1.1.1
22 silly idealTree │ │ │   └── onetime@1.0.0
22 silly idealTree │ │ ├── cli-width@1.0.1
22 silly idealTree │ │ ├── figures@1.4.0
22 silly idealTree │ │ ├── lodash@3.10.1
22 silly idealTree │ │ ├─┬ readline2@1.0.1
22 silly idealTree │ │ │ ├─┬ code-point-at@1.0.0
22 silly idealTree │ │ │ │ └── number-is-nan@1.0.0
22 silly idealTree │ │ │ ├─┬ is-fullwidth-code-point@1.0.0
22 silly idealTree │ │ │ │ └── number-is-nan@1.0.0
22 silly idealTree │ │ │ └── mute-stream@0.0.5
22 silly idealTree │ │ ├─┬ run-async@0.1.0
22 silly idealTree │ │ │ └─┬ once@1.3.2
22 silly idealTree │ │ │   └── wrappy@1.0.1
22 silly idealTree │ │ ├── rx-lite@3.1.2
22 silly idealTree │ │ ├── strip-ansi@3.0.0
22 silly idealTree │ │ └── through@2.3.8
22 silly idealTree │ ├─┬ insight@0.7.0
22 silly idealTree │ │ ├── async@1.4.2
22 silly idealTree │ │ ├─┬ configstore@1.2.1
22 silly idealTree │ │ │ ├── graceful-fs@4.1.2
22 silly idealTree │ │ │ ├── object-assign@3.0.0
22 silly idealTree │ │ │ ├── os-tmpdir@1.0.1
22 silly idealTree │ │ │ ├─┬ osenv@0.1.3
22 silly idealTree │ │ │ │ └── os-homedir@1.0.1
22 silly idealTree │ │ │ ├── uuid@2.0.1
22 silly idealTree │ │ │ ├─┬ write-file-atomic@1.1.3
22 silly idealTree │ │ │ │ └── slide@1.1.6
22 silly idealTree │ │ │ └─┬ xdg-basedir@2.0.0
22 silly idealTree │ │ │   └── os-homedir@1.0.1
22 silly idealTree │ │ ├─┬ lodash.debounce@3.1.1
22 silly idealTree │ │ │ └── lodash._getnative@3.9.1
22 silly idealTree │ │ ├── object-assign@4.0.1
22 silly idealTree │ │ ├─┬ os-name@1.0.3
22 silly idealTree │ │ │ ├─┬ osx-release@1.1.0
22 silly idealTree │ │ │ │ └── minimist@1.2.0
22 silly idealTree │ │ │ └─┬ win-release@1.1.1
22 silly idealTree │ │ │   └── semver@5.0.3
22 silly idealTree │ │ └── tough-cookie@2.2.0
22 silly idealTree │ ├── is-root@1.0.0
22 silly idealTree │ ├── junk@1.0.2
22 silly idealTree │ ├── lockfile@1.0.1
22 silly idealTree │ ├── lru-cache@2.7.0
22 silly idealTree │ ├─┬ md5-hex@1.1.0
22 silly idealTree │ │ └── md5-o-matic@0.1.1
22 silly idealTree │ ├─┬ mkdirp@0.5.0
22 silly idealTree │ │ └── minimist@0.0.8
22 silly idealTree │ ├── mout@0.11.0
22 silly idealTree │ ├── nopt@3.0.4
22 silly idealTree │ ├── opn@1.0.2
22 silly idealTree │ ├─┬ p-throttler@0.1.1
22 silly idealTree │ │ └── q@0.9.7
22 silly idealTree │ ├─┬ promptly@0.2.0
22 silly idealTree │ │ └─┬ read@1.0.7
22 silly idealTree │ │   └── mute-stream@0.0.5
22 silly idealTree │ ├── q@1.4.1
22 silly idealTree │ ├─┬ request-progress@0.3.1
22 silly idealTree │ │ └── throttleit@0.0.2
22 silly idealTree │ ├─┬ request@2.53.0
22 silly idealTree │ │ ├── aws-sign2@0.5.0
22 silly idealTree │ │ ├─┬ bl@0.9.4
22 silly idealTree │ │ │ └─┬ readable-stream@1.0.33
22 silly idealTree │ │ │   ├── core-util-is@1.0.1
22 silly idealTree │ │ │   ├── inherits@2.0.1
22 silly idealTree │ │ │   ├── isarray@0.0.1
22 silly idealTree │ │ │   └── string_decoder@0.10.31
22 silly idealTree │ │ ├── caseless@0.9.0
22 silly idealTree │ │ ├─┬ combined-stream@0.0.7
22 silly idealTree │ │ │ └── delayed-stream@0.0.5
22 silly idealTree │ │ ├── forever-agent@0.5.2
22 silly idealTree │ │ ├─┬ form-data@0.2.0
22 silly idealTree │ │ │ └── async@0.9.2
22 silly idealTree │ │ ├─┬ hawk@2.3.1
22 silly idealTree │ │ │ ├── boom@2.9.0
22 silly idealTree │ │ │ ├── cryptiles@2.0.5
22 silly idealTree │ │ │ ├── hoek@2.16.3
22 silly idealTree │ │ │ └── sntp@1.0.9
22 silly idealTree │ │ ├─┬ http-signature@0.10.1
22 silly idealTree │ │ │ ├── asn1@0.1.11
22 silly idealTree │ │ │ ├── assert-plus@0.1.5
22 silly idealTree │ │ │ └── ctype@0.5.3
22 silly idealTree │ │ ├── isstream@0.1.2
22 silly idealTree │ │ ├── json-stringify-safe@5.0.1
22 silly idealTree │ │ ├─┬ mime-types@2.0.14
22 silly idealTree │ │ │ └── mime-db@1.12.0
22 silly idealTree │ │ ├── node-uuid@1.4.3
22 silly idealTree │ │ ├── oauth-sign@0.6.0
22 silly idealTree │ │ ├── qs@2.3.3
22 silly idealTree │ │ ├── stringstream@0.0.4
22 silly idealTree │ │ ├── tough-cookie@2.2.0
22 silly idealTree │ │ └── tunnel-agent@0.4.1
22 silly idealTree │ ├── retry@0.6.1
22 silly idealTree │ ├─┬ rimraf@2.4.3
22 silly idealTree │ │ └─┬ glob@5.0.15
22 silly idealTree │ │   ├─┬ inflight@1.0.4
22 silly idealTree │ │   │ └── wrappy@1.0.1
22 silly idealTree │ │   ├── inherits@2.0.1
22 silly idealTree │ │   ├─┬ minimatch@3.0.0
22 silly idealTree │ │   │ └─┬ brace-expansion@1.1.1
22 silly idealTree │ │   │   ├── balanced-match@0.2.0
22 silly idealTree │ │   │   └── concat-map@0.0.1
22 silly idealTree │ │   ├─┬ once@1.3.2
22 silly idealTree │ │   │ └── wrappy@1.0.1
22 silly idealTree │ │   └── path-is-absolute@1.0.0
22 silly idealTree │ ├── semver@2.3.2
22 silly idealTree │ ├─┬ shell-quote@1.4.3
22 silly idealTree │ │ ├── array-filter@0.0.1
22 silly idealTree │ │ ├── array-map@0.0.0
22 silly idealTree │ │ ├── array-reduce@0.0.0
22 silly idealTree │ │ └── jsonify@0.0.0
22 silly idealTree │ ├── stringify-object@1.0.1
22 silly idealTree │ ├─┬ tar-fs@1.8.1
22 silly idealTree │ │ ├─┬ pump@1.0.0
22 silly idealTree │ │ │ ├── end-of-stream@1.1.0
22 silly idealTree │ │ │ └─┬ once@1.3.2
22 silly idealTree │ │ │   └── wrappy@1.0.1
22 silly idealTree │ │ └─┬ tar-stream@1.2.1
22 silly idealTree │ │   ├── bl@1.0.0
22 silly idealTree │ │   ├─┬ end-of-stream@1.1.0
22 silly idealTree │ │   │ └─┬ once@1.3.2
22 silly idealTree │ │   │   └── wrappy@1.0.1
22 silly idealTree │ │   ├─┬ readable-stream@2.0.2
22 silly idealTree │ │   │ ├── core-util-is@1.0.1
22 silly idealTree │ │   │ ├── inherits@2.0.1
22 silly idealTree │ │   │ ├── isarray@0.0.1
22 silly idealTree │ │   │ ├── process-nextick-args@1.0.3
22 silly idealTree │ │   │ ├── string_decoder@0.10.31
22 silly idealTree │ │   │ └── util-deprecate@1.0.2
22 silly idealTree │ │   └── xtend@4.0.0
22 silly idealTree │ ├── tmp@0.0.24
22 silly idealTree │ ├─┬ update-notifier@0.3.2
22 silly idealTree │ │ ├── is-npm@1.0.0
22 silly idealTree │ │ ├─┬ latest-version@1.0.1
22 silly idealTree │ │ │ └─┬ package-json@1.2.0
22 silly idealTree │ │ │   ├─┬ got@3.3.1
22 silly idealTree │ │ │   │ ├─┬ duplexify@3.4.2
22 silly idealTree │ │ │   │ │ ├─┬ end-of-stream@1.0.0
22 silly idealTree │ │ │   │ │ │ └─┬ once@1.3.2
22 silly idealTree │ │ │   │ │ │   └── wrappy@1.0.1
22 silly idealTree │ │ │   │ │ └─┬ readable-stream@2.0.2
22 silly idealTree │ │ │   │ │   ├── core-util-is@1.0.1
22 silly idealTree │ │ │   │ │   ├── inherits@2.0.1
22 silly idealTree │ │ │   │ │   ├── isarray@0.0.1
22 silly idealTree │ │ │   │ │   ├── process-nextick-args@1.0.3
22 silly idealTree │ │ │   │ │   ├── string_decoder@0.10.31
22 silly idealTree │ │ │   │ │   └── util-deprecate@1.0.2
22 silly idealTree │ │ │   │ ├── infinity-agent@2.0.3
22 silly idealTree │ │ │   │ ├── is-redirect@1.0.0
22 silly idealTree │ │ │   │ ├── is-stream@1.0.1
22 silly idealTree │ │ │   │ ├── lowercase-keys@1.0.0
22 silly idealTree │ │ │   │ ├─┬ nested-error-stacks@1.0.1
22 silly idealTree │ │ │   │ │ └── inherits@2.0.1
22 silly idealTree │ │ │   │ ├── object-assign@3.0.0
22 silly idealTree │ │ │   │ ├── prepend-http@1.0.3
22 silly idealTree │ │ │   │ ├─┬ read-all-stream@3.0.1
22 silly idealTree │ │ │   │ │ ├─┬ pinkie-promise@1.0.0
22 silly idealTree │ │ │   │ │ │ └── pinkie@1.0.0
22 silly idealTree │ │ │   │ │ └─┬ readable-stream@2.0.2
22 silly idealTree │ │ │   │ │   ├── core-util-is@1.0.1
22 silly idealTree │ │ │   │ │   ├── inherits@2.0.1
22 silly idealTree │ │ │   │ │   ├── isarray@0.0.1
22 silly idealTree │ │ │   │ │   ├── process-nextick-args@1.0.3
22 silly idealTree │ │ │   │ │   ├── string_decoder@0.10.31
22 silly idealTree │ │ │   │ │   └── util-deprecate@1.0.2
22 silly idealTree │ │ │   │ └── timed-out@2.0.0
22 silly idealTree │ │ │   └─┬ registry-url@3.0.3
22 silly idealTree │ │ │     └─┬ rc@1.1.2
22 silly idealTree │ │ │       ├── deep-extend@0.2.11
22 silly idealTree │ │ │       ├── ini@1.3.4
22 silly idealTree │ │ │       ├── minimist@1.2.0
22 silly idealTree │ │ │       └── strip-json-comments@0.1.3
22 silly idealTree │ │ ├─┬ semver-diff@2.0.0
22 silly idealTree │ │ │ └── semver@4.3.6
22 silly idealTree │ │ └─┬ string-length@1.0.1
22 silly idealTree │ │   └─┬ strip-ansi@3.0.0
22 silly idealTree │ │     └── ansi-regex@2.0.0
22 silly idealTree │ ├── user-home@1.1.1
22 silly idealTree │ └─┬ which@1.2.0
22 silly idealTree │   └─┬ is-absolute@0.1.7
22 silly idealTree │     └── is-relative@0.1.3
22 silly idealTree ├── bson@1.0.4
22 silly idealTree ├── buffer-shims@1.0.0
22 silly idealTree ├── bytes@3.0.0
22 silly idealTree ├── caseless@0.12.0
22 silly idealTree ├── co@4.6.0
22 silly idealTree ├── combined-stream@1.0.5
22 silly idealTree ├── component-emitter@1.2.1
22 silly idealTree ├── content-disposition@0.5.2
22 silly idealTree ├── content-type@1.0.4
22 silly idealTree ├── cookie-signature@1.0.6
22 silly idealTree ├── cookie@0.3.1
22 silly idealTree ├── cookiejar@2.0.6
22 silly idealTree ├── core-util-is@1.0.2
22 silly idealTree ├── cryptiles@2.0.5
22 silly idealTree ├─┬ dashdash@1.14.1
22 silly idealTree │ └── assert-plus@1.0.0
22 silly idealTree ├── debug@2.6.8
22 silly idealTree ├── delayed-stream@1.0.0
22 silly idealTree ├── depd@1.1.1
22 silly idealTree ├── destroy@1.0.4
22 silly idealTree ├── ecc-jsbn@0.1.1
22 silly idealTree ├── ee-first@1.1.1
22 silly idealTree ├── encodeurl@1.0.1
22 silly idealTree ├── es6-promise@3.2.1
22 silly idealTree ├── escape-html@1.0.3
22 silly idealTree ├── etag@1.8.0
22 silly idealTree ├─┬ express@4.15.4
22 silly idealTree │ └── qs@6.5.0
22 silly idealTree ├── extend@3.0.1
22 silly idealTree ├── extsprintf@1.3.0
22 silly idealTree ├── finalhandler@1.0.4
22 silly idealTree ├── forever-agent@0.6.1
22 silly idealTree ├── form-data@2.1.4
22 silly idealTree ├── formidable@1.0.17
22 silly idealTree ├── forwarded@0.1.1
22 silly idealTree ├── fresh@0.5.0
22 silly idealTree ├─┬ getpass@0.1.7
22 silly idealTree │ └── assert-plus@1.0.0
22 silly idealTree ├── har-schema@1.0.5
22 silly idealTree ├── har-validator@4.2.1
22 silly idealTree ├── hawk@3.1.3
22 silly idealTree ├── hoek@2.16.3
22 silly idealTree ├── hooks-fixed@2.0.0
22 silly idealTree ├── http-errors@1.6.2
22 silly idealTree ├── http-signature@1.1.1
22 silly idealTree ├── iconv-lite@0.4.19
22 silly idealTree ├── inherits@2.0.3
22 silly idealTree ├── ipaddr.js@1.4.0
22 silly idealTree ├── is-typedarray@1.0.0
22 silly idealTree ├── isarray@1.0.0
22 silly idealTree ├── isstream@0.1.2
22 silly idealTree ├── jsbn@0.1.1
22 silly idealTree ├── json-schema@0.2.3
22 silly idealTree ├── json-stable-stringify@1.0.1
22 silly idealTree ├── json-stringify-safe@5.0.1
22 silly idealTree ├── jsonify@0.0.0
22 silly idealTree ├─┬ jsprim@1.4.1
22 silly idealTree │ └── assert-plus@1.0.0
22 silly idealTree ├── kareem@1.5.0
22 silly idealTree ├── lodash@3.10.1
22 silly idealTree ├── media-typer@0.3.0
22 silly idealTree ├── merge-descriptors@1.0.1
22 silly idealTree ├── methods@1.1.2
22 silly idealTree ├── mime-db@1.30.0
22 silly idealTree ├── mime-types@2.1.17
22 silly idealTree ├── mime@1.3.4
22 silly idealTree ├── mongodb-core@2.1.15
22 silly idealTree ├── mongodb@2.2.31
22 silly idealTree ├── mongoose@4.11.11
22 silly idealTree ├── morgan@1.8.2
22 silly idealTree ├── mpath@0.3.0
22 silly idealTree ├── mpromise@0.5.5
22 silly idealTree ├─┬ mquery@2.3.1
22 silly idealTree │ └── sliced@0.0.5
22 silly idealTree ├── ms@2.0.0
22 silly idealTree ├── muri@1.2.2
22 silly idealTree ├── negotiator@0.6.1
22 silly idealTree ├── oauth-sign@0.8.2
22 silly idealTree ├── on-finished@2.3.0
22 silly idealTree ├── on-headers@1.0.1
22 silly idealTree ├── parseurl@1.3.2
22 silly idealTree ├── path-to-regexp@0.1.7
22 silly idealTree ├── performance-now@0.2.0
22 silly idealTree ├── process-nextick-args@1.0.7
22 silly idealTree ├── proxy-addr@1.1.5
22 silly idealTree ├── punycode@1.4.1
22 silly idealTree ├── qs@6.5.1
22 silly idealTree ├── range-parser@1.2.0
22 silly idealTree ├── raw-body@2.3.2
22 silly idealTree ├── readable-stream@2.2.7
22 silly idealTree ├── reduce-component@1.0.1
22 silly idealTree ├── regexp-clone@0.0.1
22 silly idealTree ├─┬ request@2.81.0
22 silly idealTree │ └── qs@6.4.0
22 silly idealTree ├── require_optional@1.0.1
22 silly idealTree ├── resolve-from@2.0.0
22 silly idealTree ├── safe-buffer@5.1.1
22 silly idealTree ├── semver@5.4.1
22 silly idealTree ├── send@0.15.4
22 silly idealTree ├── serve-static@1.12.4
22 silly idealTree ├── setprototypeof@1.0.3
22 silly idealTree ├── should-equal@0.5.0
22 silly idealTree ├── should-format@0.3.1
22 silly idealTree ├── should-type@0.2.0
22 silly idealTree ├── should@7.1.1
22 silly idealTree ├── sliced@1.0.1
22 silly idealTree ├── sntp@1.0.9
22 silly idealTree ├─┬ sshpk@1.13.1
22 silly idealTree │ └── assert-plus@1.0.0
22 silly idealTree ├── statuses@1.3.1
22 silly idealTree ├── string_decoder@1.0.3
22 silly idealTree ├── stringstream@0.0.5
22 silly idealTree ├─┬ superagent@1.8.5
22 silly idealTree │ ├── async@1.5.2
22 silly idealTree │ ├── extend@3.0.0
22 silly idealTree │ ├── form-data@1.0.0-rc3
22 silly idealTree │ ├── isarray@0.0.1
22 silly idealTree │ ├── qs@2.3.3
22 silly idealTree │ ├── readable-stream@1.0.27-1
22 silly idealTree │ └── string_decoder@0.10.31
22 silly idealTree ├── supertest@1.2.0
22 silly idealTree ├── tough-cookie@2.3.2
22 silly idealTree ├── tunnel-agent@0.6.0
22 silly idealTree ├── tweetnacl@0.14.5
22 silly idealTree ├── type-is@1.6.15
22 silly idealTree ├── unpipe@1.0.0
22 silly idealTree ├── util-deprecate@1.0.2
22 silly idealTree ├── utils-merge@1.0.0
22 silly idealTree ├── uuid@3.1.0
22 silly idealTree ├── vary@1.1.1
22 silly idealTree └─┬ verror@1.10.0
22 silly idealTree   └── assert-plus@1.0.0
23 silly generateActionsToTake Starting
24 silly install generateActionsToTake
25 silly generateActionsToTake Finishing
26 silly diffTrees action count 0
27 silly decomposeActions action count 0
28 silly runTopLevelLifecycles Starting
29 silly install runPreinstallTopLevelLifecycles
30 silly preinstall Assignment4@1.0.0
31 info lifecycle Assignment4@1.0.0~preinstall: Assignment4@1.0.0
32 silly lifecycle Assignment4@1.0.0~preinstall: no script for preinstall, continuing
33 silly executeActions Starting
34 silly install executeActions
35 silly doSerial global-install 0
36 silly doParallel fetch 0
37 verbose correctMkdir /Users/allisonkast/.npm/_locks correctMkdir not in flight; initializing
38 verbose lock using /Users/allisonkast/.npm/_locks/staging-c0242b05f93b209d.lock for /Users/allisonkast/Projects/UF-Directory-App-Assignment/node_modules/.staging
39 silly doParallel extract 0
40 silly doParallel preinstall 0
41 silly doReverseSerial remove 0
42 silly doSerial move 0
43 silly doSerial finalize 0
44 silly doSerial build 0
45 silly doSerial global-link 0
46 silly doParallel update-linked 0
47 silly doSerial install 0
48 silly doSerial postinstall 0
49 verbose unlock done using /Users/allisonkast/.npm/_locks/staging-c0242b05f93b209d.lock for /Users/allisonkast/Projects/UF-Directory-App-Assignment/node_modules/.staging
50 silly executeActions Finishing
51 silly rollbackFailedOptional Starting
52 silly rollbackFailedOptional Finishing
53 silly install runPostinstallTopLevelLifecycles
54 silly build Assignment4@1.0.0
55 info linkStuff Assignment4@1.0.0
56 silly linkStuff Assignment4@1.0.0 has /Users/allisonkast/Projects as its parent node_modules
57 verbose linkBins Assignment4@1.0.0
58 verbose linkMans Assignment4@1.0.0
59 silly install Assignment4@1.0.0
60 info lifecycle Assignment4@1.0.0~install: Assignment4@1.0.0
61 silly lifecycle Assignment4@1.0.0~install: no script for install, continuing
62 silly postinstall Assignment4@1.0.0
63 info lifecycle Assignment4@1.0.0~postinstall: Assignment4@1.0.0
64 verbose lifecycle Assignment4@1.0.0~postinstall: unsafe-perm in lifecycle true
65 verbose lifecycle Assignment4@1.0.0~postinstall: PATH: /usr/local/lib/node_modules/npm/bin/node-gyp-bin:/Users/allisonkast/Projects/UF-Directory-App-Assignment/node_modules/.bin:/usr/local/bin:/usr/bin:/bin:/usr/sbin:/sbin:/opt/X11/bin
66 verbose lifecycle Assignment4@1.0.0~postinstall: CWD: /Users/allisonkast/Projects/UF-Directory-App-Assignment
67 silly lifecycle Assignment4@1.0.0~postinstall: Args: [ '-c', 'bower install' ]
68 silly lifecycle Assignment4@1.0.0~postinstall: Returned: code: 1  signal: null
69 info lifecycle Assignment4@1.0.0~postinstall: Failed to exec postinstall script
70 warn Assignment4@1.0.0 No repository field.
71 verbose If you need help, you may report this error at:
71 verbose     <https://github.com/npm/npm/issues>
72 verbose stack Error: Assignment4@1.0.0 postinstall: `bower install`
72 verbose stack Exit status 1
72 verbose stack     at EventEmitter.<anonymous> (/usr/local/lib/node_modules/npm/lib/utils/lifecycle.js:279:16)
72 verbose stack     at emitTwo (events.js:106:13)
72 verbose stack     at EventEmitter.emit (events.js:191:7)
72 verbose stack     at ChildProcess.<anonymous> (/usr/local/lib/node_modules/npm/lib/utils/spawn.js:40:14)
72 verbose stack     at emitTwo (events.js:106:13)
72 verbose stack     at ChildProcess.emit (events.js:191:7)
72 verbose stack     at maybeClose (internal/child_process.js:885:16)
72 verbose stack     at Process.ChildProcess._handle.onexit (internal/child_process.js:226:5)
73 verbose pkgid Assignment4@1.0.0
74 verbose cwd /Users/allisonkast/Projects/UF-Directory-App-Assignment
75 error Darwin 16.5.0
76 error argv "/usr/local/Cellar/node/7.4.0/bin/node" "/usr/local/bin/npm" "install"
77 error node v7.4.0
78 error npm  v4.0.5
79 error code ELIFECYCLE
80 error Assignment4@1.0.0 postinstall: `bower install`
80 error Exit status 1
81 error Failed at the Assignment4@1.0.0 postinstall script 'bower install'.
81 error Make sure you have the latest version of node.js and npm installed.
81 error If you do, this is most likely a problem with the Assignment4 package,
81 error not with npm itself.
81 error Tell the author that this fails on your system:
81 error     bower install
81 error You can get information on how to open an issue for this project with:
81 error     npm bugs Assignment4
81 error Or if that isn't available, you can get their info via:
81 error     npm owner ls Assignment4
81 error There is likely additional logging output above.
82 verbose exit [ 1, true ]
